{"C:\\my\\ms\\product-manager\\plugins\\product_manager-test.js":{"path":"C:\\my\\ms\\product-manager\\plugins\\product_manager-test.js","s":{"1":1,"2":1,"3":1,"4":1,"5":1,"6":1,"7":1,"8":1,"9":1,"10":1,"11":1,"12":1,"13":1,"14":1},"b":{},"f":{"1":1,"2":1,"3":1},"fnMap":{"1":{"name":"(anonymous_1)","line":14,"loc":{"start":{"line":14,"column":41},"end":{"line":14,"column":51}}},"2":{"name":"(anonymous_2)","line":15,"loc":{"start":{"line":15,"column":36},"end":{"line":15,"column":50}}},"3":{"name":"(anonymous_3)","line":16,"loc":{"start":{"line":16,"column":105},"end":{"line":16,"column":125}}}},"statementMap":{"1":{"start":{"line":1,"column":0},"end":{"line":6,"column":56}},"2":{"start":{"line":8,"column":0},"end":{"line":8,"column":27}},"3":{"start":{"line":9,"column":0},"end":{"line":9,"column":29}},"4":{"start":{"line":11,"column":0},"end":{"line":11,"column":14}},"5":{"start":{"line":12,"column":0},"end":{"line":12,"column":25}},"6":{"start":{"line":14,"column":0},"end":{"line":25,"column":3}},"7":{"start":{"line":15,"column":2},"end":{"line":24,"column":5}},"8":{"start":{"line":16,"column":4},"end":{"line":23,"column":7}},"9":{"start":{"line":17,"column":6},"end":{"line":17,"column":43}},"10":{"start":{"line":18,"column":6},"end":{"line":18,"column":36}},"11":{"start":{"line":19,"column":6},"end":{"line":19,"column":37}},"12":{"start":{"line":20,"column":6},"end":{"line":20,"column":41}},"13":{"start":{"line":21,"column":6},"end":{"line":21,"column":46}},"14":{"start":{"line":22,"column":6},"end":{"line":22,"column":12}}},"branchMap":{}},"C:\\my\\ms\\product-manager\\plugins\\product_manager_fetch_plugin.js":{"path":"C:\\my\\ms\\product-manager\\plugins\\product_manager_fetch_plugin.js","s":{"1":1,"2":1,"3":0,"4":0,"5":1,"6":0,"7":0,"8":1,"9":0,"10":0},"b":{},"f":{"1":1,"2":0,"3":0,"4":0},"fnMap":{"1":{"name":"(anonymous_1)","line":1,"loc":{"start":{"line":1,"column":17},"end":{"line":1,"column":37}}},"2":{"name":"(anonymous_2)","line":6,"loc":{"start":{"line":6,"column":66},"end":{"line":6,"column":87}}},"3":{"name":"(anonymous_3)","line":14,"loc":{"start":{"line":14,"column":72},"end":{"line":14,"column":93}}},"4":{"name":"(anonymous_4)","line":22,"loc":{"start":{"line":22,"column":66},"end":{"line":22,"column":87}}}},"statementMap":{"1":{"start":{"line":1,"column":0},"end":{"line":27,"column":1}},"2":{"start":{"line":6,"column":2},"end":{"line":9,"column":5}},"3":{"start":{"line":7,"column":4},"end":{"line":7,"column":41}},"4":{"start":{"line":8,"column":4},"end":{"line":8,"column":29}},"5":{"start":{"line":14,"column":2},"end":{"line":17,"column":5}},"6":{"start":{"line":15,"column":4},"end":{"line":15,"column":41}},"7":{"start":{"line":16,"column":4},"end":{"line":16,"column":52}},"8":{"start":{"line":22,"column":2},"end":{"line":25,"column":5}},"9":{"start":{"line":23,"column":4},"end":{"line":23,"column":40}},"10":{"start":{"line":24,"column":4},"end":{"line":24,"column":34}}},"branchMap":{}},"C:\\my\\ms\\product-manager\\plugins\\product_manager_add_plugin.js":{"path":"C:\\my\\ms\\product-manager\\plugins\\product_manager_add_plugin.js","s":{"1":1,"2":1,"3":1,"4":1,"5":1,"6":1,"7":1,"8":1,"9":1},"b":{},"f":{"1":1,"2":1,"3":1},"fnMap":{"1":{"name":"(anonymous_1)","line":1,"loc":{"start":{"line":1,"column":17},"end":{"line":1,"column":37}}},"2":{"name":"(anonymous_2)","line":6,"loc":{"start":{"line":6,"column":46},"end":{"line":6,"column":67}}},"3":{"name":"(anonymous_3)","line":13,"loc":{"start":{"line":13,"column":19},"end":{"line":13,"column":41}}}},"statementMap":{"1":{"start":{"line":1,"column":0},"end":{"line":18,"column":1}},"2":{"start":{"line":6,"column":2},"end":{"line":16,"column":5}},"3":{"start":{"line":7,"column":4},"end":{"line":7,"column":41}},"4":{"start":{"line":9,"column":4},"end":{"line":9,"column":38}},"5":{"start":{"line":10,"column":4},"end":{"line":10,"column":30}},"6":{"start":{"line":11,"column":4},"end":{"line":11,"column":44}},"7":{"start":{"line":12,"column":4},"end":{"line":12,"column":31}},"8":{"start":{"line":13,"column":4},"end":{"line":15,"column":7}},"9":{"start":{"line":14,"column":6},"end":{"line":14,"column":39}}},"branchMap":{}},"C:\\my\\ms\\product-manager\\plugins\\product_manager_remove_plugin.js":{"path":"C:\\my\\ms\\product-manager\\plugins\\product_manager_remove_plugin.js","s":{"1":1,"2":1,"3":0,"4":0,"5":0},"b":{},"f":{"1":1,"2":0,"3":0},"fnMap":{"1":{"name":"(anonymous_1)","line":1,"loc":{"start":{"line":1,"column":17},"end":{"line":1,"column":37}}},"2":{"name":"(anonymous_2)","line":6,"loc":{"start":{"line":6,"column":48},"end":{"line":6,"column":69}}},"3":{"name":"(anonymous_3)","line":8,"loc":{"start":{"line":8,"column":30},"end":{"line":8,"column":44}}}},"statementMap":{"1":{"start":{"line":1,"column":0},"end":{"line":13,"column":1}},"2":{"start":{"line":6,"column":2},"end":{"line":11,"column":5}},"3":{"start":{"line":7,"column":4},"end":{"line":7,"column":40}},"4":{"start":{"line":8,"column":4},"end":{"line":10,"column":7}},"5":{"start":{"line":9,"column":6},"end":{"line":9,"column":22}}},"branchMap":{}},"C:\\my\\ms\\product-manager\\plugins\\product_manager_edit_plugin.js":{"path":"C:\\my\\ms\\product-manager\\plugins\\product_manager_edit_plugin.js","s":{"1":1,"2":1,"3":0,"4":0,"5":0,"6":0},"b":{},"f":{"1":1,"2":0,"3":0,"4":0},"fnMap":{"1":{"name":"(anonymous_1)","line":1,"loc":{"start":{"line":1,"column":17},"end":{"line":1,"column":37}}},"2":{"name":"(anonymous_2)","line":6,"loc":{"start":{"line":6,"column":46},"end":{"line":6,"column":67}}},"3":{"name":"(anonymous_3)","line":7,"loc":{"start":{"line":7,"column":82},"end":{"line":7,"column":104}}},"4":{"name":"(anonymous_4)","line":14,"loc":{"start":{"line":14,"column":19},"end":{"line":14,"column":41}}}},"statementMap":{"1":{"start":{"line":1,"column":0},"end":{"line":20,"column":1}},"2":{"start":{"line":6,"column":2},"end":{"line":18,"column":5}},"3":{"start":{"line":7,"column":4},"end":{"line":17,"column":7}},"4":{"start":{"line":8,"column":6},"end":{"line":13,"column":9}},"5":{"start":{"line":14,"column":6},"end":{"line":16,"column":9}},"6":{"start":{"line":15,"column":8},"end":{"line":15,"column":40}}},"branchMap":{}}}